# id z_spec z_a z_m1 chi_a l68 u68  l95 u95  l99 u99  nfilt q_z z_peak peak_prob z_mc
# EAZY 2015-05-08
# Filter: z_a > 8.5 | Total sources: 28

001  308    -1.0000  9.893 10.761 1.905585e-01     7.454 14.900   4.733 18.256   2.652 19.762     5    8.40432e+00 10.6112   0.969 11.4294
002  317    -1.0000  9.059  9.663 1.133047e-01     6.530 12.613   3.552 18.363   0.423 19.758     5    4.34232e+00  9.7061   0.987  4.9512
003  714    -1.0000  8.861  8.275 7.917905e+00     8.448  9.164   2.071  9.466   1.115 10.149     8    1.57070e+01  8.8755   0.905  8.8620
004  1232   -1.0000  8.959  8.353 2.192402e+00     8.050  9.980   1.735 10.767   0.059 11.456     7    9.47785e+00  9.1947   0.874 10.1558
005  1768   -1.0000  8.861  8.388 2.270447e+00     8.182  9.632   1.746 10.796   0.179 11.500     9    5.58808e+00  9.0475   0.900  2.2792
006  3120   -1.0000  9.160  9.796 6.713846e+00     8.939 10.831   8.443 11.279   0.275 11.642     9    1.61019e+01  9.8723   0.987  9.5022
007  3214   -1.0000  9.160  6.155 7.599222e+00     2.162  9.807   0.366 10.820   0.191 11.793     8    3.64600e+02  9.3618   0.507  3.1588
008  3591   -1.0000 10.563  9.970 3.040280e+00     7.895 13.188   0.498 15.637   0.044 19.287     8    1.99957e+01 11.0688   0.842 11.4943
009  4010   -1.0000  9.059  9.013 2.339265e+00     8.877  9.153   8.820  9.205   8.750  9.297     7    3.20238e-01  9.0117   0.991  8.8732
010  4987   -1.0000  9.893  9.844 1.022564e+00     6.476 13.097   3.396 17.079   1.245 19.690     7    8.80177e+00  9.7386   0.968 10.6882
011  5424   -1.0000  8.959  8.097 9.041329e-01     7.570  9.625   1.776 10.585   0.194 11.237     8    2.53763e+00  8.9500   0.871  9.1285
012  5845   -1.0000  8.959  8.952 3.522269e+01     8.676  9.230   8.391  9.494   7.888 10.049     8    1.52246e+01  8.9531   0.997  9.4968
013  6101   -1.0000  8.861  6.410 1.385715e+00     1.809  9.728   0.192 11.049   0.012 12.216     8    2.32034e+01  8.7408   0.655  1.7117
014  6273   -1.0000  9.468  8.205 8.062304e+00     3.286 10.120   0.254 11.219   0.197 12.068     9    2.76816e+01  9.6586   0.802  3.4491
015  6947   -1.0000  9.261 10.819 4.789753e+00     9.028 12.999   8.063 15.588   5.167 18.542     6    3.00953e+01 10.7755   0.982  9.0897
016  8040   -1.0000  8.667  6.834 2.727670e-01     2.553 10.082   0.379 13.111   0.020 18.181     8    2.68162e+01  6.6152   0.974  9.1963
017  8216   -1.0000  9.059  6.025 7.465282e+00     2.292  9.242   1.794  9.592   1.665 10.704     7    2.99935e+09  9.0594   0.519  2.2687
018  9096   -1.0000 12.424 13.976 1.704705e+00    12.030 17.913   0.575 19.358   0.167 19.775     5    3.23620e+01 15.2822   0.887 16.6221
019  9171   -1.0000 10.448 10.141 8.395974e+00     9.020 11.344   7.278 13.319   0.250 14.820     8    2.67174e+01 10.2250   0.981  8.6820
020  9176   -1.0000  9.364 10.049 4.042227e+00     8.395 11.744   6.313 15.838   3.373 19.536     6    2.95414e+01  9.9737   0.976  8.8849
021  9195   -1.0000 11.900 11.249 4.682661e+00    10.439 12.590   2.814 13.800   0.205 14.643     7    1.82598e+01 11.7157   0.943 10.0825
022  9198   -1.0000  9.572  8.808 4.836324e+00     7.548 10.217   2.533 11.623   0.193 15.438     5    4.58118e+01  8.9599   0.954 10.2024
023  9589   -1.0000  8.861  7.355 3.591639e+00     2.218  9.197   1.758  9.981   0.051 10.881     7    1.72961e+01  8.8513   0.773  8.9766
024  9913   -1.0000  9.364  5.769 5.199931e+00     1.765  9.759   0.726 10.711   0.186 11.854     7    1.17997e+03  2.1703   0.502  9.3061
025  11344  -1.0000  9.468  9.897 5.870883e+01     9.431 10.361   9.223 10.703   9.050 11.018     8    2.32407e+01  9.8953   0.998 10.3773
026  11353  -1.0000 11.032  7.088 2.809393e+00     0.538 11.306   0.151 11.813   0.031 12.267     7    1.01085e+03 10.7838   0.590 10.7738
027  11615  -1.0000  8.959  8.734 2.197078e+01     8.824  9.153   0.106  9.257   0.025  9.345     9    3.51362e+01  8.9902   0.969  8.8661
028  11909  -1.0000  8.667  8.109 6.971374e+00     7.303  9.069   3.181 10.191   2.044 11.832     7    2.00884e+01  8.4303   0.929  8.8435
